This is pdfTeX, Version 3.1415926-2.4-1.40.13 (TeX Live 2012) (format=pdflatex 2012.6.30)  28 DEC 2014 17:46
entering extended mode
 restricted \write18 enabled.
 file:line:error style messages enabled.
 %&-line parsing enabled.
**writeup.tex
(./writeup.tex
LaTeX2e <2011/06/27>
Babel <v3.8m> and hyphenation patterns for english, dumylang, nohyphenation, ge
rman-x-2012-05-30, ngerman-x-2012-05-30, afrikaans, ancientgreek, ibycus, arabi
c, armenian, basque, bulgarian, catalan, pinyin, coptic, croatian, czech, danis
h, dutch, ukenglish, usenglishmax, esperanto, estonian, ethiopic, farsi, finnis
h, french, friulan, galician, german, ngerman, swissgerman, monogreek, greek, h
ungarian, icelandic, assamese, bengali, gujarati, hindi, kannada, malayalam, ma
rathi, oriya, panjabi, tamil, telugu, indonesian, interlingua, irish, italian, 
kurmanji, latin, latvian, lithuanian, mongolian, mongolianlmc, bokmal, nynorsk,
 polish, portuguese, romanian, romansh, russian, sanskrit, serbian, serbianc, s
lovak, slovenian, spanish, swedish, turkish, turkmen, ukrainian, uppersorbian, 
welsh, loaded.
(/usr/local/texlive/2012/texmf-dist/tex/latex/amscls/amsart.cls
Document Class: amsart 2009/07/02 v2.20.1
\linespacing=\dimen102
\normalparindent=\dimen103
\normaltopskip=\skip41
(/usr/local/texlive/2012/texmf-dist/tex/latex/amsmath/amsmath.sty
Package: amsmath 2000/07/18 v2.13 AMS math features
\@mathmargin=\skip42

For additional information on amsmath, use the `?' option.
(/usr/local/texlive/2012/texmf-dist/tex/latex/amsmath/amstext.sty
Package: amstext 2000/06/29 v2.01

(/usr/local/texlive/2012/texmf-dist/tex/latex/amsmath/amsgen.sty
File: amsgen.sty 1999/11/30 v2.0
\@emptytoks=\toks14
\ex@=\dimen104
))
(/usr/local/texlive/2012/texmf-dist/tex/latex/amsmath/amsbsy.sty
Package: amsbsy 1999/11/29 v1.2d
\pmbraise@=\dimen105
)
(/usr/local/texlive/2012/texmf-dist/tex/latex/amsmath/amsopn.sty
Package: amsopn 1999/12/14 v2.01 operator names
)
\inf@bad=\count79
LaTeX Info: Redefining \frac on input line 211.
\uproot@=\count80
\leftroot@=\count81
LaTeX Info: Redefining \overline on input line 307.
\classnum@=\count82
\DOTSCASE@=\count83
LaTeX Info: Redefining \ldots on input line 379.
LaTeX Info: Redefining \dots on input line 382.
LaTeX Info: Redefining \cdots on input line 467.
\Mathstrutbox@=\box26
\strutbox@=\box27
\big@size=\dimen106
LaTeX Font Info:    Redeclaring font encoding OML on input line 567.
LaTeX Font Info:    Redeclaring font encoding OMS on input line 568.
\macc@depth=\count84
\c@MaxMatrixCols=\count85
\dotsspace@=\muskip10
\c@parentequation=\count86
\dspbrk@lvl=\count87
\tag@help=\toks15
\row@=\count88
\column@=\count89
\maxfields@=\count90
\andhelp@=\toks16
\eqnshift@=\dimen107
\alignsep@=\dimen108
\tagshift@=\dimen109
\tagwidth@=\dimen110
\totwidth@=\dimen111
\lineht@=\dimen112
\@envbody=\toks17
\multlinegap=\skip43
\multlinetaggap=\skip44
\mathdisplay@stack=\toks18
LaTeX Info: Redefining \[ on input line 2666.
LaTeX Info: Redefining \] on input line 2667.
)
LaTeX Font Info:    Try loading font information for U+msa on input line 388.

(/usr/local/texlive/2012/texmf-dist/tex/latex/amsfonts/umsa.fd
File: umsa.fd 2009/06/22 v3.00 AMS symbols A
)
(/usr/local/texlive/2012/texmf-dist/tex/latex/amsfonts/amsfonts.sty
Package: amsfonts 2009/06/22 v3.00 Basic AMSFonts support
\symAMSa=\mathgroup4
\symAMSb=\mathgroup5
LaTeX Font Info:    Overwriting math alphabet `\mathfrak' in version `bold'
(Font)                  U/euf/m/n --> U/euf/b/n on input line 96.
)
\copyins=\insert233
\abstractbox=\box28
\listisep=\skip45
\c@part=\count91
\c@section=\count92
\c@subsection=\count93
\c@subsubsection=\count94
\c@paragraph=\count95
\c@subparagraph=\count96
\c@figure=\count97
\c@table=\count98
\abovecaptionskip=\skip46
\belowcaptionskip=\skip47
\captionindent=\dimen113
\thm@style=\toks19
\thm@bodyfont=\toks20
\thm@headfont=\toks21
\thm@notefont=\toks22
\thm@headpunct=\toks23
\thm@preskip=\skip48
\thm@postskip=\skip49
\thm@headsep=\skip50
\dth@everypar=\toks24
)
(/usr/local/texlive/2012/texmf-dist/tex/latex/geometry/geometry.sty
Package: geometry 2010/09/12 v5.6 Page Geometry

(/usr/local/texlive/2012/texmf-dist/tex/latex/graphics/keyval.sty
Package: keyval 1999/03/16 v1.13 key=value parser (DPC)
\KV@toks@=\toks25
)
(/usr/local/texlive/2012/texmf-dist/tex/generic/oberdiek/ifpdf.sty
Package: ifpdf 2011/01/30 v2.3 Provides the ifpdf switch (HO)
Package ifpdf Info: pdfTeX in PDF mode is detected.
)
(/usr/local/texlive/2012/texmf-dist/tex/generic/oberdiek/ifvtex.sty
Package: ifvtex 2010/03/01 v1.5 Detect VTeX and its facilities (HO)
Package ifvtex Info: VTeX not detected.
)
(/usr/local/texlive/2012/texmf-dist/tex/generic/ifxetex/ifxetex.sty
Package: ifxetex 2010/09/12 v0.6 Provides ifxetex conditional
)
\Gm@cnth=\count99
\Gm@cntv=\count100
\c@Gm@tempcnt=\count101
\Gm@bindingoffset=\dimen114
\Gm@wd@mp=\dimen115
\Gm@odd@mp=\dimen116
\Gm@even@mp=\dimen117
\Gm@layoutwidth=\dimen118
\Gm@layoutheight=\dimen119
\Gm@layouthoffset=\dimen120
\Gm@layoutvoffset=\dimen121
\Gm@dimlist=\toks26
)
(/usr/local/texlive/2012/texmf-dist/tex/latex/graphics/graphicx.sty
Package: graphicx 1999/02/16 v1.0f Enhanced LaTeX Graphics (DPC,SPQR)

(/usr/local/texlive/2012/texmf-dist/tex/latex/graphics/graphics.sty
Package: graphics 2009/02/05 v1.0o Standard LaTeX Graphics (DPC,SPQR)

(/usr/local/texlive/2012/texmf-dist/tex/latex/graphics/trig.sty
Package: trig 1999/03/16 v1.09 sin cos tan (DPC)
)
(/usr/local/texlive/2012/texmf-dist/tex/latex/latexconfig/graphics.cfg
File: graphics.cfg 2010/04/23 v1.9 graphics configuration of TeX Live
)
Package graphics Info: Driver file: pdftex.def on input line 91.

(/usr/local/texlive/2012/texmf-dist/tex/latex/pdftex-def/pdftex.def
File: pdftex.def 2011/05/27 v0.06d Graphics/color for pdfTeX

(/usr/local/texlive/2012/texmf-dist/tex/generic/oberdiek/infwarerr.sty
Package: infwarerr 2010/04/08 v1.3 Providing info/warning/error messages (HO)
)
(/usr/local/texlive/2012/texmf-dist/tex/generic/oberdiek/ltxcmds.sty
Package: ltxcmds 2011/11/09 v1.22 LaTeX kernel commands for general use (HO)
)
\Gread@gobject=\count102
))
\Gin@req@height=\dimen122
\Gin@req@width=\dimen123
)
(/usr/local/texlive/2012/texmf-dist/tex/latex/hyperref/hyperref.sty
Package: hyperref 2012/05/13 v6.82q Hypertext links for LaTeX

(/usr/local/texlive/2012/texmf-dist/tex/generic/oberdiek/hobsub-hyperref.sty
Package: hobsub-hyperref 2012/05/28 v1.13 Bundle oberdiek, subset hyperref (HO)


(/usr/local/texlive/2012/texmf-dist/tex/generic/oberdiek/hobsub-generic.sty
Package: hobsub-generic 2012/05/28 v1.13 Bundle oberdiek, subset generic (HO)
Package: hobsub 2012/05/28 v1.13 Construct package bundles (HO)
Package hobsub Info: Skipping package `infwarerr' (already loaded).
Package hobsub Info: Skipping package `ltxcmds' (already loaded).
Package: ifluatex 2010/03/01 v1.3 Provides the ifluatex switch (HO)
Package ifluatex Info: LuaTeX not detected.
Package hobsub Info: Skipping package `ifvtex' (already loaded).
Package: intcalc 2007/09/27 v1.1 Expandable calculations with integers (HO)
Package hobsub Info: Skipping package `ifpdf' (already loaded).
Package: etexcmds 2011/02/16 v1.5 Avoid name clashes with e-TeX commands (HO)
Package etexcmds Info: Could not find \expanded.
(etexcmds)             That can mean that you are not using pdfTeX 1.50 or
(etexcmds)             that some package has redefined \expanded.
(etexcmds)             In the latter case, load this package earlier.
Package: kvsetkeys 2012/04/25 v1.16 Key value parser (HO)
Package: kvdefinekeys 2011/04/07 v1.3 Define keys (HO)
Package: pdftexcmds 2011/11/29 v0.20 Utility functions of pdfTeX for LuaTeX (HO
)
Package pdftexcmds Info: LuaTeX not detected.
Package pdftexcmds Info: \pdf@primitive is available.
Package pdftexcmds Info: \pdf@ifprimitive is available.
Package pdftexcmds Info: \pdfdraftmode found.
Package: pdfescape 2011/11/25 v1.13 Implements pdfTeX's escape features (HO)
Package: bigintcalc 2012/04/08 v1.3 Expandable calculations on big integers (HO
)
Package: bitset 2011/01/30 v1.1 Handle bit-vector datatype (HO)
Package: uniquecounter 2011/01/30 v1.2 Provide unlimited unique counter (HO)
)
Package hobsub Info: Skipping package `hobsub' (already loaded).
Package: letltxmacro 2010/09/02 v1.4 Let assignment for LaTeX macros (HO)
Package: hopatch 2012/05/28 v1.2 Wrapper for package hooks (HO)
Package: xcolor-patch 2011/01/30 xcolor patch
Package: atveryend 2011/06/30 v1.8 Hooks at the very end of document (HO)
Package atveryend Info: \enddocument detected (standard20110627).
Package: atbegshi 2011/10/05 v1.16 At begin shipout hook (HO)
Package: refcount 2011/10/16 v3.4 Data extraction from label references (HO)
Package: hycolor 2011/01/30 v1.7 Color options for hyperref/bookmark (HO)
)
(/usr/local/texlive/2012/texmf-dist/tex/latex/oberdiek/kvoptions.sty
Package: kvoptions 2011/06/30 v3.11 Key value format for package options (HO)
)
\@linkdim=\dimen124
\Hy@linkcounter=\count103
\Hy@pagecounter=\count104

(/usr/local/texlive/2012/texmf-dist/tex/latex/hyperref/pd1enc.def
File: pd1enc.def 2012/05/13 v6.82q Hyperref: PDFDocEncoding definition (HO)
)
\Hy@SavedSpaceFactor=\count105

(/usr/local/texlive/2012/texmf-dist/tex/latex/latexconfig/hyperref.cfg
File: hyperref.cfg 2002/06/06 v1.2 hyperref configuration of TeXLive
)
Package hyperref Info: Hyper figures OFF on input line 4062.
Package hyperref Info: Link nesting OFF on input line 4067.
Package hyperref Info: Hyper index ON on input line 4070.
Package hyperref Info: Plain pages OFF on input line 4077.
Package hyperref Info: Backreferencing OFF on input line 4082.
Package hyperref Info: Implicit mode ON; LaTeX internals redefined.
Package hyperref Info: Bookmarks ON on input line 4300.
\c@Hy@tempcnt=\count106

(/usr/local/texlive/2012/texmf-dist/tex/latex/url/url.sty
\Urlmuskip=\muskip11
Package: url 2006/04/12  ver 3.3  Verb mode for urls, etc.
)
LaTeX Info: Redefining \url on input line 4653.
\Fld@menulength=\count107
\Field@Width=\dimen125
\Fld@charsize=\dimen126
Package hyperref Info: Hyper figures OFF on input line 5773.
Package hyperref Info: Link nesting OFF on input line 5778.
Package hyperref Info: Hyper index ON on input line 5781.
Package hyperref Info: backreferencing OFF on input line 5788.
Package hyperref Info: Link coloring OFF on input line 5793.
Package hyperref Info: Link coloring with OCG OFF on input line 5798.
Package hyperref Info: PDF/A mode OFF on input line 5803.
LaTeX Info: Redefining \ref on input line 5843.
LaTeX Info: Redefining \pageref on input line 5847.
\Hy@abspage=\count108
\c@Item=\count109
\c@Hfootnote=\count110
)

Package hyperref Message: Driver (autodetected): hpdftex.

(/usr/local/texlive/2012/texmf-dist/tex/latex/hyperref/hpdftex.def
File: hpdftex.def 2012/05/13 v6.82q Hyperref driver for pdfTeX
\Fld@listcount=\count111
\c@bookmark@seq@number=\count112

(/usr/local/texlive/2012/texmf-dist/tex/latex/oberdiek/rerunfilecheck.sty
Package: rerunfilecheck 2011/04/15 v1.7 Rerun checks for auxiliary files (HO)
Package uniquecounter Info: New unique counter `rerunfilecheck' on input line 2
82.
)
\Hy@SectionHShift=\skip51
)
(/usr/local/texlive/2012/texmf-dist/tex/latex/caption/caption.sty
Package: caption 2012/02/19 v3.2f Customizing captions (AR)

(/usr/local/texlive/2012/texmf-dist/tex/latex/caption/caption3.sty
Package: caption3 2012/01/12 v1.4b caption3 kernel (AR)
\captionmargin=\dimen127
\captionmargin@=\dimen128
\captionwidth=\dimen129
\caption@indent=\dimen130
\caption@parindent=\dimen131
\caption@hangindent=\dimen132
)
Package caption Info: AMS or SMF document class.
\c@ContinuedFloat=\count113
Package caption Info: hyperref package is loaded.
)
(/usr/local/texlive/2012/texmf-dist/tex/latex/fancyhdr/fancyhdr.sty
\fancy@headwidth=\skip52
\f@ncyO@elh=\skip53
\f@ncyO@erh=\skip54
\f@ncyO@olh=\skip55
\f@ncyO@orh=\skip56
\f@ncyO@elf=\skip57
\f@ncyO@erf=\skip58
\f@ncyO@olf=\skip59
\f@ncyO@orf=\skip60
)
(/usr/local/texlive/2012/texmf-dist/tex/latex/caption/subcaption.sty
Package: subcaption 2012/01/12 v1.1d Sub-captions (AR)
\c@subfigure=\count114
\c@subtable=\count115
)
(/usr/local/texlive/2012/texmf-dist/tex/latex/float/float.sty
Package: float 2001/11/08 v1.3d Float enhancements (AL)
\c@float@type=\count116
\float@exts=\toks27
\float@box=\box29
\@float@everytoks=\toks28
\@floatcapt=\box30
)
(/usr/local/texlive/2012/texmf-dist/tex/latex/natbib/natbib.sty
Package: natbib 2010/09/13 8.31b (PWD, AO)
\bibhang=\skip61
\bibsep=\skip62
LaTeX Info: Redefining \cite on input line 694.
\c@NAT@ctr=\count117
) (./writeup.aux)
\openout1 = `writeup.aux'.

LaTeX Font Info:    Checking defaults for OML/cmm/m/it on input line 21.
LaTeX Font Info:    ... okay on input line 21.
LaTeX Font Info:    Checking defaults for T1/cmr/m/n on input line 21.
LaTeX Font Info:    ... okay on input line 21.
LaTeX Font Info:    Checking defaults for OT1/cmr/m/n on input line 21.
LaTeX Font Info:    ... okay on input line 21.
LaTeX Font Info:    Checking defaults for OMS/cmsy/m/n on input line 21.
LaTeX Font Info:    ... okay on input line 21.
LaTeX Font Info:    Checking defaults for OMX/cmex/m/n on input line 21.
LaTeX Font Info:    ... okay on input line 21.
LaTeX Font Info:    Checking defaults for U/cmr/m/n on input line 21.
LaTeX Font Info:    ... okay on input line 21.
LaTeX Font Info:    Checking defaults for PD1/pdf/m/n on input line 21.
LaTeX Font Info:    ... okay on input line 21.
LaTeX Font Info:    Try loading font information for U+msa on input line 21.
 (/usr/local/texlive/2012/texmf-dist/tex/latex/amsfonts/umsa.fd
File: umsa.fd 2009/06/22 v3.00 AMS symbols A
)
LaTeX Font Info:    Try loading font information for U+msb on input line 21.

(/usr/local/texlive/2012/texmf-dist/tex/latex/amsfonts/umsb.fd
File: umsb.fd 2009/06/22 v3.00 AMS symbols B
)
*geometry* driver: auto-detecting
*geometry* detected driver: pdftex

Package geometry Warning: The marginal notes overrun the paper.
     Add 28.73001pt and more to the right margin.

*geometry* verbose mode - [ preamble ] result:
* driver: pdftex
* paper: <default>
* layout: <same size as paper>
* layoutoffset:(h,v)=(0.0pt,0.0pt)
* modes: twoside 
* h-part:(L,W,R)=(72.26999pt, 469.75502pt, 72.26999pt)
* v-part:(T,H,B)=(72.26999pt, 650.43001pt, 72.26999pt)
* \paperwidth=614.295pt
* \paperheight=794.96999pt
* \textwidth=469.75502pt
* \textheight=650.43001pt
* \oddsidemargin=0.0pt
* \evensidemargin=0.0pt
* \topmargin=-22.0pt
* \headheight=8.0pt
* \headsep=14.0pt
* \topskip=10.0pt
* \footskip=12.0pt
* \marginparwidth=90.0pt
* \marginparsep=11.0pt
* \columnsep=10.0pt
* \skip\footins=7.0pt plus 11.0pt
* \hoffset=0.0pt
* \voffset=0.0pt
* \mag=1000
* \@twocolumnfalse
* \@twosidetrue
* \@mparswitchtrue
* \@reversemarginfalse
* (1in=72.27pt=25.4mm, 1cm=28.453pt)

(/usr/local/texlive/2012/texmf-dist/tex/context/base/supp-pdf.mkii
[Loading MPS to PDF converter (version 2006.09.02).]
\scratchcounter=\count118
\scratchdimen=\dimen133
\scratchbox=\box31
\nofMPsegments=\count119
\nofMParguments=\count120
\everyMPshowfont=\toks29
\MPscratchCnt=\count121
\MPscratchDim=\dimen134
\MPnumerator=\count122
\makeMPintoPDFobject=\count123
\everyMPtoPDFconversion=\toks30
) (/usr/local/texlive/2012/texmf-dist/tex/latex/oberdiek/epstopdf-base.sty
Package: epstopdf-base 2010/02/09 v2.5 Base part for package epstopdf

(/usr/local/texlive/2012/texmf-dist/tex/latex/oberdiek/grfext.sty
Package: grfext 2010/08/19 v1.1 Manage graphics extensions (HO)
)
Package grfext Info: Graphics extension search list:
(grfext)             [.png,.pdf,.jpg,.mps,.jpeg,.jbig2,.jb2,.PNG,.PDF,.JPG,.JPE
G,.JBIG2,.JB2,.eps]
(grfext)             \AppendGraphicsExtensions on input line 452.

(/usr/local/texlive/2012/texmf-dist/tex/latex/latexconfig/epstopdf-sys.cfg
File: epstopdf-sys.cfg 2010/07/13 v1.3 Configuration of (r)epstopdf for TeX Liv
e
))
\AtBeginShipoutBox=\box32
Package hyperref Info: Link coloring OFF on input line 21.

(/usr/local/texlive/2012/texmf-dist/tex/latex/hyperref/nameref.sty
Package: nameref 2010/04/30 v2.40 Cross-referencing by name of section

(/usr/local/texlive/2012/texmf-dist/tex/generic/oberdiek/gettitlestring.sty
Package: gettitlestring 2010/12/03 v1.4 Cleanup title references (HO)
)
\c@section@level=\count124
)
LaTeX Info: Redefining \ref on input line 21.
LaTeX Info: Redefining \pageref on input line 21.
LaTeX Info: Redefining \nameref on input line 21.

(./writeup.out) (./writeup.out)
\@outlinefile=\write3
\openout3 = `writeup.out'.

Package caption Info: Begin \AtBeginDocument code.
Package caption Info: float package is loaded.
Package caption Info: End \AtBeginDocument code.

Underfull \hbox (badness 10000) in paragraph at lines 33--34

 []

<../figures/voxel_plot.png, id=52, 256.96pt x 256.96pt>
File: ../figures/voxel_plot.png Graphic file (type png)

<use ../figures/voxel_plot.png>
Package pdftex.def Info: ../figures/voxel_plot.png used on input line 41.
(pdftex.def)             Requested size: 131.53012pt x 100.00226pt.

Overfull \hbox (3.94374pt too wide) in paragraph at lines 41--42
[]\OT1/cmr/m/n/10 s[] 
 []

<../figures/response_density_EDA.pdf, id=53, 505.89pt x 505.89pt>
File: ../figures/response_density_EDA.pdf Graphic file (type pdf)

<use ../figures/response_density_EDA.pdf>
Package pdftex.def Info: ../figures/response_density_EDA.pdf used on input line
 45.
(pdftex.def)             Requested size: 155.01796pt x 99.99515pt.

Overfull \hbox (3.9424pt too wide) in paragraph at lines 45--46
[]\OT1/cmr/m/n/10 s[] 
 []

<../figures/intensity_density_EDA.pdf, id=54, 505.89pt x 505.89pt>
File: ../figures/intensity_density_EDA.pdf Graphic file (type pdf)

<use ../figures/intensity_density_EDA.pdf>
Package pdftex.def Info: ../figures/intensity_density_EDA.pdf used on input lin
e 48.
(pdftex.def)             Requested size: 155.01796pt x 99.99515pt.

Overfull \hbox (3.9424pt too wide) in paragraph at lines 48--49
[]\OT1/cmr/m/n/10 s[] 
 []


Underfull \hbox (badness 10000) in paragraph at lines 53--54

 []

[1{/usr/local/texlive/2012/texmf-var/fonts/map/pdftex/updmap/pdftex.map} <../fi
gures/voxel_plot.png (PNG copy)> <../figures/response_density_EDA.pdf> <../figu
res/intensity_density_EDA.pdf>]
Underfull \hbox (badness 10000) in paragraph at lines 64--65

 []


Underfull \hbox (badness 10000) in paragraph at lines 66--67

 []

<../figures/Voxel_1_AIC.pdf, id=81, 505.89pt x 505.89pt>
File: ../figures/Voxel_1_AIC.pdf Graphic file (type pdf)

<use ../figures/Voxel_1_AIC.pdf>
Package pdftex.def Info: ../figures/Voxel_1_AIC.pdf used on input line 72.
(pdftex.def)             Requested size: 211.38832pt x 211.39165pt.

<../figures/Voxel_5_AIC.pdf, id=82, 505.89pt x 505.89pt>
File: ../figures/Voxel_5_AIC.pdf Graphic file (type pdf)

<use ../figures/Voxel_5_AIC.pdf>
Package pdftex.def Info: ../figures/Voxel_5_AIC.pdf used on input line 77.
(pdftex.def)             Requested size: 211.38832pt x 211.39165pt.

Underfull \vbox (badness 7540) has occurred while \output is active []

 [2]
<../figures/cv_lasso1.pdf, id=87, 505.89pt x 505.89pt>
File: ../figures/cv_lasso1.pdf Graphic file (type pdf)

<use ../figures/cv_lasso1.pdf>
Package pdftex.def Info: ../figures/cv_lasso1.pdf used on input line 87.
(pdftex.def)             Requested size: 211.38832pt x 211.39165pt.

<../figures/cv_lasso5.pdf, id=88, 505.89pt x 505.89pt>
File: ../figures/cv_lasso5.pdf Graphic file (type pdf)

<use ../figures/cv_lasso5.pdf>
Package pdftex.def Info: ../figures/cv_lasso5.pdf used on input line 92.
(pdftex.def)             Requested size: 211.38832pt x 211.39165pt.

<../figures/Voxel_15_AIC.pdf, id=89, 505.89pt x 505.89pt>
File: ../figures/Voxel_15_AIC.pdf Graphic file (type pdf)

<use ../figures/Voxel_15_AIC.pdf>
Package pdftex.def Info: ../figures/Voxel_15_AIC.pdf used on input line 101.
(pdftex.def)             Requested size: 211.38832pt x 211.39165pt.

<../figures/Voxel_20_AIC.pdf, id=90, 505.89pt x 505.89pt>
File: ../figures/Voxel_20_AIC.pdf Graphic file (type pdf)

<use ../figures/Voxel_20_AIC.pdf>
Package pdftex.def Info: ../figures/Voxel_20_AIC.pdf used on input line 106.
(pdftex.def)             Requested size: 211.38832pt x 211.39165pt.

Underfull \vbox (badness 10000) has occurred while \output is active []

 [3 <../figures/Voxel_1_AIC.pdf> <../figures/Voxel_5_AIC.pdf> <../figures/cv_la
sso1.pdf> <../figures/cv_lasso5.pdf>]
<../figures/cv_lasso15.pdf, id=121, 505.89pt x 505.89pt>
File: ../figures/cv_lasso15.pdf Graphic file (type pdf)

<use ../figures/cv_lasso15.pdf>
Package pdftex.def Info: ../figures/cv_lasso15.pdf used on input line 115.
(pdftex.def)             Requested size: 211.38832pt x 211.39165pt.

<../figures/cv_lasso20.pdf, id=122, 505.89pt x 505.89pt>
File: ../figures/cv_lasso20.pdf Graphic file (type pdf)

<use ../figures/cv_lasso20.pdf>
Package pdftex.def Info: ../figures/cv_lasso20.pdf used on input line 120.
(pdftex.def)             Requested size: 211.38832pt x 211.39165pt.

<../figures/Voxel_2_AIC.pdf, id=123, 505.89pt x 505.89pt>
File: ../figures/Voxel_2_AIC.pdf Graphic file (type pdf)

<use ../figures/Voxel_2_AIC.pdf>
Package pdftex.def Info: ../figures/Voxel_2_AIC.pdf used on input line 130.
(pdftex.def)             Requested size: 211.38832pt x 211.39165pt.

<../figures/Voxel_10_AIC.pdf, id=124, 505.89pt x 505.89pt>
File: ../figures/Voxel_10_AIC.pdf Graphic file (type pdf)

<use ../figures/Voxel_10_AIC.pdf>
Package pdftex.def Info: ../figures/Voxel_10_AIC.pdf used on input line 135.
(pdftex.def)             Requested size: 211.38832pt x 211.39165pt.

Underfull \vbox (badness 10000) has occurred while \output is active []

 [4 <../figures/Voxel_15_AIC.pdf> <../figures/Voxel_20_AIC.pdf> <../figures/cv_
lasso15.pdf> <../figures/cv_lasso20.pdf>]
<../figures/cv_lasso16.pdf, id=155, 505.89pt x 505.89pt>
File: ../figures/cv_lasso16.pdf Graphic file (type pdf)

<use ../figures/cv_lasso16.pdf>
Package pdftex.def Info: ../figures/cv_lasso16.pdf used on input line 145.
(pdftex.def)             Requested size: 211.38832pt x 211.39165pt.

<../figures/cv_lasso10.pdf, id=156, 505.89pt x 505.89pt>
File: ../figures/cv_lasso10.pdf Graphic file (type pdf)

<use ../figures/cv_lasso10.pdf>
Package pdftex.def Info: ../figures/cv_lasso10.pdf used on input line 150.
(pdftex.def)             Requested size: 211.38832pt x 211.39165pt.

<../figures/lambda_value.pdf, id=157, 505.89pt x 505.89pt>
File: ../figures/lambda_value.pdf Graphic file (type pdf)

<use ../figures/lambda_value.pdf>
Package pdftex.def Info: ../figures/lambda_value.pdf used on input line 161.
(pdftex.def)             Requested size: 272.45863pt x 199.99803pt.

Overfull \hbox (3.9443pt too wide) in paragraph at lines 161--162
[]\OT1/cmr/m/n/10 s[] 
 []


Underfull \hbox (badness 2334) in paragraph at lines 162--162
[]\OT1/cmr/m/sc/10 Figure 20.|\OT1/cmr/m/n/10 Lambda se-lec-tion us-ing CV,
 []

<../figures/Voxel_1_ESCV.pdf, id=158, 505.89pt x 505.89pt>
File: ../figures/Voxel_1_ESCV.pdf Graphic file (type pdf)

<use ../figures/Voxel_1_ESCV.pdf>
Package pdftex.def Info: ../figures/Voxel_1_ESCV.pdf used on input line 166.
(pdftex.def)             Requested size: 150.32504pt x 150.32466pt.

Underfull \hbox (badness 10000) in paragraph at lines 167--167
[]\OT1/cmr/m/sc/10 Figure
 []


Underfull \hbox (badness 1648) in paragraph at lines 167--167
\OT1/cmr/m/sc/10 21.|\OT1/cmr/m/n/10 ESCV Voxel
 []


Underfull \vbox (badness 10000) has occurred while \output is active []

 [5 <../figures/Voxel_2_AIC.pdf> <../figures/Voxel_10_AIC.pdf> <../figures/cv_l
asso16.pdf> <../figures/cv_lasso10.pdf>]
<../figures/MSE_lambda_plot.pdf, id=190, 505.89pt x 505.89pt>
File: ../figures/MSE_lambda_plot.pdf Graphic file (type pdf)

<use ../figures/MSE_lambda_plot.pdf>
Package pdftex.def Info: ../figures/MSE_lambda_plot.pdf used on input line 175.

(pdftex.def)             Requested size: 319.43799pt x 250.00333pt.

Overfull \hbox (3.95247pt too wide) in paragraph at lines 175--176
[]\OT1/cmr/m/n/10 s[] 
 []


Underfull \hbox (badness 4479) in paragraph at lines 179--180
\OT1/cmr/m/n/10 lambda.min and Lambda.1se.
 []


Underfull \hbox (badness 1454) in paragraph at lines 179--180
\OT1/cmr/m/n/10 e-ters whereas Lambda.1se re-
 []

<../figures/corrplot_actual.pdf, id=191, 505.89pt x 505.89pt>
File: ../figures/corrplot_actual.pdf Graphic file (type pdf)

<use ../figures/corrplot_actual.pdf>
Package pdftex.def Info: ../figures/corrplot_actual.pdf used on input line 189.

(pdftex.def)             Requested size: 211.38832pt x 211.39165pt.

<../figures/corrplot.pdf, id=192, 505.89pt x 505.89pt>
File: ../figures/corrplot.pdf Graphic file (type pdf)

<use ../figures/corrplot.pdf>
Package pdftex.def Info: ../figures/corrplot.pdf used on input line 194.
(pdftex.def)             Requested size: 211.38832pt x 211.39165pt.

Underfull \hbox (badness 10000) in paragraph at lines 195--195
[]\OT1/cmr/m/sc/10 Figure 24.|\OT1/cmr/m/n/10 Cor-re-la-tion for
 []


Underfull \hbox (badness 10000) in paragraph at lines 185--198

 []

[6 <../figures/lambda_value.pdf> <../figures/Voxel_1_ESCV.pdf> <../figures/MSE_
lambda_plot.pdf>] <../figures/corrplot_mg.pdf, id=217, 505.89pt x 505.89pt>
File: ../figures/corrplot_mg.pdf Graphic file (type pdf)

<use ../figures/corrplot_mg.pdf>
Package pdftex.def Info: ../figures/corrplot_mg.pdf used on input line 203.
(pdftex.def)             Requested size: 211.38832pt x 211.39165pt.

Underfull \hbox (badness 10000) in paragraph at lines 204--204
[]\OT1/cmr/m/sc/10 Figure 25.|\OT1/cmr/m/n/10 Cor-re-la-tion
 []


Underfull \hbox (badness 10000) in paragraph at lines 204--204
\OT1/cmr/m/n/10 for Multi-gaus-sian LASSO
 []

<../figures/corrplot_1se.pdf, id=218, 505.89pt x 505.89pt>
File: ../figures/corrplot_1se.pdf Graphic file (type pdf)

<use ../figures/corrplot_1se.pdf>
Package pdftex.def Info: ../figures/corrplot_1se.pdf used on input line 208.
(pdftex.def)             Requested size: 211.38832pt x 211.39165pt.

Underfull \hbox (badness 10000) in paragraph at lines 209--209
[]\OT1/cmr/m/sc/10 Figure 26.|\OT1/cmr/m/n/10 Cor-re-la-tion for
 []


Underfull \vbox (badness 10000) has occurred while \output is active []

 [7 <../figures/corrplot_actual.pdf> <../figures/corrplot.pdf>]
<../figures/cv_lasso1_half.pdf, id=236, 505.89pt x 505.89pt>
File: ../figures/cv_lasso1_half.pdf Graphic file (type pdf)

<use ../figures/cv_lasso1_half.pdf>
Package pdftex.def Info: ../figures/cv_lasso1_half.pdf used on input line 220.
(pdftex.def)             Requested size: 211.38832pt x 211.39165pt.

<../figures/cv_ridge1.pdf, id=237, 505.89pt x 505.89pt>
File: ../figures/cv_ridge1.pdf Graphic file (type pdf)

<use ../figures/cv_ridge1.pdf>
Package pdftex.def Info: ../figures/cv_ridge1.pdf used on input line 225.
(pdftex.def)             Requested size: 211.38832pt x 211.39165pt.

Underfull \vbox (badness 10000) has occurred while \output is active []

 [8 <../figures/corrplot_mg.pdf> <../figures/corrplot_1se.pdf>]
<../figures/voxel1_wave.png, id=253, 301.125pt x 359.3425pt>
File: ../figures/voxel1_wave.png Graphic file (type png)

<use ../figures/voxel1_wave.png>
Package pdftex.def Info: ../figures/voxel1_wave.png used on input line 242.
(pdftex.def)             Requested size: 155.02367pt x 150.00165pt.

Overfull \hbox (3.9481pt too wide) in paragraph at lines 242--243
[]\OT1/cmr/m/n/10 s[] 
 []

<../figures/voxel1_wave1.png, id=255, 301.125pt x 301.125pt>
File: ../figures/voxel1_wave1.png Graphic file (type png)

<use ../figures/voxel1_wave1.png>
Package pdftex.def Info: ../figures/voxel1_wave1.png used on input line 246.
(pdftex.def)             Requested size: 155.02367pt x 150.00615pt.

Overfull \hbox (3.9481pt too wide) in paragraph at lines 246--247
[]\OT1/cmr/m/n/10 s[] 
 []

<../figures/voxel1_wave2.png, id=256, 401.5pt x 359.3425pt>
File: ../figures/voxel1_wave2.png Graphic file (type png)

<use ../figures/voxel1_wave2.png>
Package pdftex.def Info: ../figures/voxel1_wave2.png used on input line 249.
(pdftex.def)             Requested size: 155.02213pt x 150.00165pt.

Overfull \hbox (3.94656pt too wide) in paragraph at lines 249--250
[]\OT1/cmr/m/n/10 s[] 
 []

<../figures/voxel1_wave3.png, id=257, 401.5pt x 359.3425pt>
File: ../figures/voxel1_wave3.png Graphic file (type png)

<use ../figures/voxel1_wave3.png>
Package pdftex.def Info: ../figures/voxel1_wave3.png used on input line 256.
(pdftex.def)             Requested size: 155.02213pt x 150.00165pt.

Overfull \hbox (3.94656pt too wide) in paragraph at lines 256--257
[]\OT1/cmr/m/n/10 s[] 
 []

<../figures/voxel1_wave5.png, id=258, 401.5pt x 359.3425pt>
File: ../figures/voxel1_wave5.png Graphic file (type png)

<use ../figures/voxel1_wave5.png>
Package pdftex.def Info: ../figures/voxel1_wave5.png used on input line 260.
(pdftex.def)             Requested size: 155.02213pt x 150.00165pt.

Overfull \hbox (3.94656pt too wide) in paragraph at lines 260--261
[]\OT1/cmr/m/n/10 s[] 
 []

<../figures/voxel1_wave7.png, id=259, 401.5pt x 359.3425pt>
File: ../figures/voxel1_wave7.png Graphic file (type png)

<use ../figures/voxel1_wave7.png>
Package pdftex.def Info: ../figures/voxel1_wave7.png used on input line 263.
(pdftex.def)             Requested size: 155.02213pt x 150.00165pt.

Overfull \hbox (3.94656pt too wide) in paragraph at lines 263--264
[]\OT1/cmr/m/n/10 s[] 
 []


Underfull \vbox (badness 5504) has occurred while \output is active []

 [9 <../figures/cv_lasso1_half.pdf> <../figures/cv_ridge1.pdf>]
<../figures/voxel10_wave3.png, id=277, 401.5pt x 316.18124pt>
File: ../figures/voxel10_wave3.png Graphic file (type png)

<use ../figures/voxel10_wave3.png>
Package pdftex.def Info: ../figures/voxel10_wave3.png used on input line 271.
(pdftex.def)             Requested size: 155.02213pt x 149.99948pt.

Overfull \hbox (3.94656pt too wide) in paragraph at lines 271--272
[]\OT1/cmr/m/n/10 s[] 
 []

<../figures/voxel10_wave2.png, id=278, 401.5pt x 316.18124pt>
File: ../figures/voxel10_wave2.png Graphic file (type png)

<use ../figures/voxel10_wave2.png>
Package pdftex.def Info: ../figures/voxel10_wave2.png used on input line 275.
(pdftex.def)             Requested size: 155.02213pt x 149.99948pt.

Overfull \hbox (3.94656pt too wide) in paragraph at lines 275--276
[]\OT1/cmr/m/n/10 s[] 
 []

<../figures/voxel10_wave1.png, id=279, 401.5pt x 316.18124pt>
File: ../figures/voxel10_wave1.png Graphic file (type png)

<use ../figures/voxel10_wave1.png>
Package pdftex.def Info: ../figures/voxel10_wave1.png used on input line 278.
(pdftex.def)             Requested size: 155.02213pt x 149.99948pt.

Overfull \hbox (3.94656pt too wide) in paragraph at lines 278--279
[]\OT1/cmr/m/n/10 s[] 
 []


Underfull \hbox (badness 10000) in paragraph at lines 287--288

 []

<../figures/Corr_table2.pdf, id=280, 578.16pt x 831.105pt> [10 <../figures/voxe
l1_wave.png> <../figures/voxel1_wave1.png> <../figures/voxel1_wave2.png> <../fi
gures/voxel1_wave3.png> <../figures/voxel1_wave5.png> <../figures/voxel1_wave7.
png> <../figures/voxel10_wave3.png> <../figures/voxel10_wave2.png> <../figures/
voxel10_wave1.png>]
File: ../figures/Corr_table2.pdf Graphic file (type pdf)
 <use ../figures/Corr_table2.pdf>
Package pdftex.def Info: ../figures/Corr_table2.pdf used on input line 296.
(pdftex.def)             Requested size: 469.75502pt x 675.27115pt.

Underfull \vbox (badness 10000) has occurred while \output is active []

 [11]
Overfull \vbox (24.84114pt too high) has occurred while \output is active []


[12 <../figures/Corr_table2.pdf>]
<../figures/Corr_table1.pdf, id=313, 578.16pt x 831.105pt>
File: ../figures/Corr_table1.pdf Graphic file (type pdf)

<use ../figures/Corr_table1.pdf>
Package pdftex.def Info: ../figures/Corr_table1.pdf used on input line 298.
(pdftex.def)             Requested size: 469.75502pt x 675.27115pt.
Package atveryend Info: Empty hook `BeforeClearDocument' on input line 300.

Overfull \vbox (24.84114pt too high) has occurred while \output is active []


[13 <../figures/Corr_table1.pdf>]
Package atveryend Info: Empty hook `AfterLastShipout' on input line 300.
 (./writeup.aux)
Package atveryend Info: Executing hook `AtVeryEndDocument' on input line 300.
Package atveryend Info: Executing hook `AtEndAfterFileList' on input line 300.
Package rerunfilecheck Info: File `writeup.out' has not changed.
(rerunfilecheck)             Checksum: 13EBCC5C28973167D1CB2BBC57240194;690.
Package atveryend Info: Empty hook `AtVeryVeryEnd' on input line 300.
 ) 
Here is how much of TeX's memory you used:
 8232 strings out of 493488
 122573 string characters out of 3141326
 218026 words of memory out of 3000000
 11230 multiletter control sequences out of 15000+200000
 9394 words of font info for 37 fonts, out of 3000000 for 9000
 1118 hyphenation exceptions out of 8191
 36i,8n,43p,1289b,411s stack positions out of 5000i,500n,10000p,200000b,50000s
</usr/local/texlive/2012/texmf-dist/fonts/type1/public/amsfonts/cm/cmbx10.pfb
></usr/local/texlive/2012/texmf-dist/fonts/type1/public/amsfonts/cm/cmcsc10.pfb
></usr/local/texlive/2012/texmf-dist/fonts/type1/public/amsfonts/cm/cmmi10.pfb>
</usr/local/texlive/2012/texmf-dist/fonts/type1/public/amsfonts/cm/cmr10.pfb></
usr/local/texlive/2012/texmf-dist/fonts/type1/public/amsfonts/cm/cmr7.pfb></usr
/local/texlive/2012/texmf-dist/fonts/type1/public/amsfonts/cm/cmr8.pfb></usr/lo
cal/texlive/2012/texmf-dist/fonts/type1/public/amsfonts/cm/cmsy10.pfb></usr/loc
al/texlive/2012/texmf-dist/fonts/type1/public/amsfonts/cm/cmti10.pfb>
Output written on writeup.pdf (13 pages, 1057221 bytes).
PDF statistics:
 365 PDF objects out of 1000 (max. 8388607)
 270 compressed objects within 3 object streams
 41 named destinations out of 1000 (max. 500000)
 272 words of extra memory for PDF output out of 10000 (max. 10000000)

